  glad.c
  main.cpp
C:\Users\Hykudo\Documents\OpenGL-Project\OpenGL Project\main.cpp(220,21): warning C4244: 'initializing': conversion from 'double' to 'float', possible loss of data
  Matrix.cpp
C:\Users\Hykudo\Documents\OpenGL-Project\OpenGL Project\Matrix.h(33,19): warning C4244: 'initializing': conversion from 'double' to 'float', possible loss of data
  (compiling source file 'Matrix.cpp')
  
C:\Users\Hykudo\Documents\OpenGL-Project\OpenGL Project\Matrix.h(34,19): warning C4244: 'initializing': conversion from 'double' to 'float', possible loss of data
  (compiling source file 'Matrix.cpp')
  
C:\Users\Hykudo\Documents\OpenGL-Project\OpenGL Project\Matrix.h(49,19): warning C4244: 'initializing': conversion from 'double' to 'float', possible loss of data
  (compiling source file 'Matrix.cpp')
  
C:\Users\Hykudo\Documents\OpenGL-Project\OpenGL Project\Matrix.h(50,19): warning C4244: 'initializing': conversion from 'double' to 'float', possible loss of data
  (compiling source file 'Matrix.cpp')
  
C:\Users\Hykudo\Documents\OpenGL-Project\OpenGL Project\Matrix.h(65,19): warning C4244: 'initializing': conversion from 'double' to 'float', possible loss of data
  (compiling source file 'Matrix.cpp')
  
C:\Users\Hykudo\Documents\OpenGL-Project\OpenGL Project\Matrix.h(66,19): warning C4244: 'initializing': conversion from 'double' to 'float', possible loss of data
  (compiling source file 'Matrix.cpp')
  
  Vector.cpp
  Generating Code...
LINK : warning LNK4098: defaultlib 'MSVCRT' conflicts with use of other libs; use /NODEFAULTLIB:library
  OpenGL Project.vcxproj -> C:\Users\Hykudo\Documents\OpenGL-Project\x64\Debug\OpenGL Project.exe
